mode: set
github.com/kathappiness/bookings/cmd/web/main.go:22.13,24.16 2 0
github.com/kathappiness/bookings/cmd/web/main.go:24.16,26.3 1 0
github.com/kathappiness/bookings/cmd/web/main.go:27.2,35.16 4 0
github.com/kathappiness/bookings/cmd/web/main.go:38.18,53.16 10 1
github.com/kathappiness/bookings/cmd/web/main.go:53.16,56.3 2 0
github.com/kathappiness/bookings/cmd/web/main.go:57.2,64.12 6 1
github.com/kathappiness/bookings/cmd/web/middleware.go:10.45,19.2 3 1
github.com/kathappiness/bookings/cmd/web/middleware.go:22.50,24.2 1 1
github.com/kathappiness/bookings/cmd/web/routes.go:12.49,42.2 19 1
