mode: set
github.com/kathappiness/bookings/internal/forms/errors.go:6.40,8.2 1 1
github.com/kathappiness/bookings/internal/forms/errors.go:11.42,13.18 2 0
github.com/kathappiness/bookings/internal/forms/errors.go:13.18,15.3 1 0
github.com/kathappiness/bookings/internal/forms/errors.go:16.2,16.14 1 0
github.com/kathappiness/bookings/internal/forms/forms.go:18.29,20.2 1 1
github.com/kathappiness/bookings/internal/forms/forms.go:23.33,28.2 1 1
github.com/kathappiness/bookings/internal/forms/forms.go:31.42,32.30 1 1
github.com/kathappiness/bookings/internal/forms/forms.go:32.30,35.37 2 1
github.com/kathappiness/bookings/internal/forms/forms.go:35.37,37.4 1 1
github.com/kathappiness/bookings/internal/forms/forms.go:42.39,45.2 2 1
github.com/kathappiness/bookings/internal/forms/forms.go:48.57,50.21 2 1
github.com/kathappiness/bookings/internal/forms/forms.go:50.21,53.3 2 1
github.com/kathappiness/bookings/internal/forms/forms.go:54.2,54.13 1 1
github.com/kathappiness/bookings/internal/forms/forms.go:58.43,59.40 1 1
github.com/kathappiness/bookings/internal/forms/forms.go:59.40,62.3 2 1
github.com/kathappiness/bookings/internal/forms/forms.go:63.2,63.13 1 1
